This is pdfTeX, Version 3.14159265-2.6-1.40.17 (TeX Live 2016/Debian) (preloaded format=pdflatex 2019.3.6)  10 MAY 2019 16:18
entering extended mode
 restricted \write18 enabled.
 %&-line parsing enabled.
**manual.tex
(./manual.tex
LaTeX2e <2017/01/01> patch level 3
Babel <3.9r> and hyphenation patterns for 3 language(s) loaded.
(/usr/share/texlive/texmf-dist/tex/latex/memoir/memoir.cls
Document Class: memoir 2016/05/16 v3.7f configurable book, report, article docu
ment class
\onelineskip=\skip41
\lxvchars=\skip42
\xlvchars=\skip43
\@memcnta=\count79
\c@@memmarkcntra=\count80
(/usr/share/texlive/texmf-dist/tex/generic/oberdiek/ifpdf.sty
Package: ifpdf 2016/05/14 v3.1 Provides the ifpdf switch
)
(/usr/share/texlive/texmf-dist/tex/latex/ifetex/ifetex.sty
Package: ifetex 2011/12/15 v1.2 ifetex

(/usr/share/texlive/texmf-dist/tex/plain/ifetex/ifetex.tex))
(/usr/share/texlive/texmf-dist/tex/generic/ifxetex/ifxetex.sty
Package: ifxetex 2010/09/12 v0.6 Provides ifxetex conditional
)
(/usr/share/texlive/texmf-dist/tex/generic/oberdiek/ifluatex.sty
Package: ifluatex 2016/05/16 v1.4 Provides the ifluatex switch (HO)
Package ifluatex Info: LuaTeX not detected.
)
\stockheight=\skip44
\stockwidth=\skip45
\trimtop=\skip46
\trimedge=\skip47

(/usr/share/texlive/texmf-dist/tex/latex/memoir/mem12.clo
File: mem12.clo 2010/10/19 v0.4b memoir class 12pt size option
)
\binding=\skip48
\spinemargin=\skip49
\foremargin=\skip50
\uppermargin=\skip51
\lowermargin=\skip52
\headdrop=\skip53
\normalrulethickness=\skip54
\mem@maxheadheight=\skip55
\mem@maxfootheight=\skip56
\headwidth=\skip57
\c@storedpagenumber=\count81
\memPD=\dimen102
\m@mabparskip=\skip58
\thanksmarkwidth=\skip59
\thanksmarksep=\skip60
\droptitle=\skip61
\c@book=\count82
\c@part=\count83
\c@chapter=\count84
\c@section=\count85
\c@subsection=\count86
\c@subsubsection=\count87
\c@paragraph=\count88
\c@subparagraph=\count89
\beforechapskip=\skip62
\midchapskip=\skip63
\afterchapskip=\skip64
\chapindent=\skip65
\bottomsectionskip=\skip66
\secindent=\skip67
\beforesecskip=\skip68
\aftersecskip=\skip69
\subsecindent=\skip70
\beforesubsecskip=\skip71
\aftersubsecskip=\skip72
\subsubsecindent=\skip73
\beforesubsubsecskip=\skip74
\aftersubsubsecskip=\skip75
\paraindent=\skip76
\beforeparaskip=\skip77
\afterparaskip=\skip78
\subparaindent=\skip79
\beforesubparaskip=\skip80
\aftersubparaskip=\skip81
\pfbreakskip=\skip82
\c@@ppsavesec=\count90
\c@@ppsaveapp=\count91
\ragrparindent=\dimen103
\everylistparindent=\dimen104
\parsepi=\skip83
\topsepi=\skip84
\itemsepi=\skip85
\parsepii=\skip86
\topsepii=\skip87
\topsepiii=\skip88
\itemsepii=\skip89
\itemsepiii=\skip90
\partopsepii=\skip91
\partopsepiii=\skip92
\m@msavetopsep=\skip93
\m@msavepartopsep=\skip94
\@enLab=\toks14
\abstitleskip=\skip95
\absleftindent=\skip96
\abs@leftindent=\dimen105
\absrightindent=\skip97
\absparindent=\skip98
\absparsep=\skip99
\c@vslineno=\count92
\c@poemline=\count93
\c@modulo@vs=\count94
\c@memfvsline=\count95
\vleftskip=\skip100
\vrightskip=\skip101
\stanzaskip=\skip102
\versewidth=\skip103
\vgap=\skip104
\vindent=\skip105
\vleftmargin=\dimen106
\c@verse=\count96
\c@chrsinstr=\count97
\beforepoemtitleskip=\skip106
\afterpoemtitleskip=\skip107
\c@poem=\count98
\beforePoemTitleskip=\skip108
\midPoemTitleskip=\skip109
\afterPoemTitleskip=\skip110
\col@sep=\dimen107
\extrarowheight=\dimen108
\NC@list=\toks15
\extratabsurround=\skip111
\backup@length=\skip112
\TX@col@width=\dimen109
\TX@old@table=\dimen110
\TX@old@col=\dimen111
\TX@target=\dimen112
\TX@delta=\dimen113
\TX@cols=\count99
\TX@ftn=\toks16
\heavyrulewidth=\dimen114
\lightrulewidth=\dimen115
\cmidrulewidth=\dimen116
\belowrulesep=\dimen117
\belowbottomsep=\dimen118
\aboverulesep=\dimen119
\abovetopsep=\dimen120
\cmidrulesep=\dimen121
\cmidrulekern=\dimen122
\defaultaddspace=\dimen123
\@cmidla=\count100
\@cmidlb=\count101
\@aboverulesep=\dimen124
\@belowrulesep=\dimen125
\@thisruleclass=\count102
\@lastruleclass=\count103
\@thisrulewidth=\dimen126
\ctableftskip=\skip113
\ctabrightskip=\skip114
\abovecolumnspenalty=\count104
\@linestogo=\count105
\@cellstogo=\count106
\@cellsincolumn=\count107
\crtok=\toks17
\@mincolumnwidth=\dimen127
\c@newflo@tctr=\count108
\mem@margin@floatbox=\box26
\@contcwidth=\skip115
\@contindw=\skip116
\abovecaptionskip=\skip117
\belowcaptionskip=\skip118
\subfloattopskip=\skip119
\subfloatcapskip=\skip120
\subfloatcaptopadj=\skip121
\subfloatbottomskip=\skip122
\subfloatlabelskip=\skip123
\subfloatcapmargin=\dimen128
\c@@contsubnum=\count109
\m@mscap@capbox=\box27
\m@mscap@fbox=\box28
\sidecapsep=\dimen129
\sidecapwidth=\dimen130
\m@m@tempdima=\dimen131
\m@mscapraise=\dimen132
\sidecapraise=\dimen133
\m@mscapmainwidth=\dimen134
\m@mscaplkern=\dimen135
\beforeepigraphskip=\skip124
\afterepigraphskip=\skip125
\epigraphwidth=\skip126
\epigraphrule=\skip127
LaTeX Info: Redefining \em on input line 7551.
LaTeX Info: Redefining \emph on input line 7559.
\tocentryskip=\skip128
\tocbaseline=\skip129
\cftparskip=\skip130
\cftbeforebookskip=\skip131
\cftbookindent=\dimen136
\cftbooknumwidth=\dimen137
\cftbeforepartskip=\skip132
\cftpartindent=\skip133
\cftpartnumwidth=\skip134
\cftbeforechapterskip=\skip135
\cftchapterindent=\skip136
\cftchapternumwidth=\skip137
\cftbeforesectionskip=\skip138
\cftsectionindent=\skip139
\cftsectionnumwidth=\skip140
\cftbeforesubsectionskip=\skip141
\cftsubsectionindent=\skip142
\cftsubsectionnumwidth=\skip143
\cftbeforesubsubsectionskip=\skip144
\cftsubsubsectionindent=\skip145
\cftsubsubsectionnumwidth=\skip146
\cftbeforeparagraphskip=\skip147
\cftparagraphindent=\skip148
\cftparagraphnumwidth=\skip149
\cftbeforesubparagraphskip=\skip150
\cftsubparagraphindent=\skip151
\cftsubparagraphnumwidth=\skip152
\prechapterprecisshift=\dimen138
\c@maxsecnumdepth=\count110
\bibindent=\dimen139
\bibitemsep=\skip153
\indexcolsep=\skip154
\indexrule=\skip155
\indexmarkstyle=\toks18
\@indexbox=\insert199
\glossarycolsep=\dimen140
\glossaryrule=\dimen141
\sideparvshift=\skip156
\sideins=\insert198
\sidebartopsep=\skip157
\sidebarhsep=\skip158
\sidebarvsep=\skip159
\sidebarwidth=\skip160
\footmarkwidth=\skip161
\footmarksep=\skip162
\footparindent=\skip163
\footinsdim=\skip164
\footinsv@r=\insert197
\@mpfootinsv@r=\insert196
\m@m@k=\count111
\m@m@h=\dimen142
\m@mipn@skip=\skip165
\sidefootins=\insert195
\sidefootadjust=\skip166
\sidefootheight=\skip167
\sidefoothsep=\skip168
\sidefootvsep=\skip169
\sidefootwidth=\skip170
\m@mdownsf=\skip171
\c@sidefootnote=\count112
\sidefootmarkwidth=\skip172
\sidefootmarksep=\skip173
\sidefootparindent=\skip174
\c@pagenote=\count113
\c@pagenoteshadow=\count114
\mem@pn@lastkern=\skip175
\every@verbatim=\toks19
\afterevery@verbatim=\toks20
\verbatim@line=\toks21
\tab@position=\count115
\verbatim@in@stream=\read1
\verbatimindent=\skip176
\verbatim@out=\write3
\bvboxsep=\skip177
\c@memfbvline=\count116
\c@bvlinectr=\count117
\bvnumlength=\skip178
\fb@frw=\dimen143
\fb@frh=\dimen144
\FrameRule=\dimen145
\FrameSep=\dimen146
\c@cp@cntr=\count118
LaTeX Info: Redefining \: on input line 12068.
LaTeX Info: Redefining \! on input line 12070.
\c@ism@mctr=\count119
\c@xsm@mctr=\count120
\c@csm@mctr=\count121
\c@ksm@mctr=\count122
\c@xksm@mctr=\count123
\c@cksm@mctr=\count124
\c@msm@mctr=\count125
\c@xmsm@mctr=\count126
\c@cmsm@mctr=\count127
\c@bsm@mctr=\count128
\c@workm@mctr=\count129
\c@sheetsequence=\count130
\c@lastsheet=\count131
\c@lastpage=\count132
\c@figure=\count133
\c@lofdepth=\count134
\cftbeforefigureskip=\skip179
\cftfigureindent=\skip180
\cftfigurenumwidth=\skip181
\c@table=\count135
\c@lotdepth=\count136
\cftbeforetableskip=\skip182
\cfttableindent=\skip183
\cfttablenumwidth=\skip184
Package abstract [2008/07/23] emulated by memoir.
Package appendix [2008/07/23] emulated by memoir.
Package array [2008/09/09] emulated by memoir.
Package booktabs [2016/05/16] emulated by memoir.
Package ccaption [2008/07/23] emulated by memoir.
Package changepage [2008/07/23] emulated by memoir.
Package chngcntr [2008/07/23] emulated by memoir.
Package chngpage [2008/07/23] emulated by memoir.
Package crop emulated by memoir.
Package dcolumn [2008/07/23] emulated by memoir.
Package delarray [2008/07/23] emulated by memoir.
Package enumerate [2008/07/23] emulated by memoir.
Package epigraph [2008/07/23] emulated by memoir.
Package ifmtarg [2008/07/23] emulated by memoir.
Package index [2008/07/23] emulated by memoir.
Package makeidx [2008/07/23] emulated by memoir.
Package moreverb [2008/07/23] emulated by memoir.
Package mparhack [2008/07/23] emulated by memoir.
Package needspace [2008/07/23] emulated by memoir.
Package newfile [2008/07/23] emulated by memoir.
Package nextpage [2008/07/23] emulated by memoir.
Package pagenote [2008/07/23] emulated by memoir.
Package parskip [2008/07/23] emulated by memoir.
Package patchcmd [2008/07/23] emulated by memoir.
Package setspace [2008/07/23] emulated by memoir.
Package shortvrb [2008/07/23] emulated by memoir.
Package showidx [2008/07/23] emulated by memoir.
Package tabularx [2008/07/23] emulated by memoir.
Package titleref [2008/07/23] emulated by memoir.
Package titling [2008/07/23] emulated by memoir.
Package tocbibind [2008/07/23] emulated by memoir.
Package tocloft [2008/07/23] emulated by memoir.
Package tocvsec2 [2008/07/23] emulated by memoir.
Package verbatim [2008/07/23] emulated by memoir.
Package verse [2008/07/23] emulated by memoir.

(/usr/share/texlive/texmf-dist/tex/latex/memoir/mempatch.sty
Package: mempatch 2009/07/24 v6.0f Patches for memoir class v1.6180339
))
(/usr/share/texlive/texmf-dist/tex/latex/base/latexsym.sty
Package: latexsym 1998/08/17 v2.2e Standard LaTeX package (lasy symbols)
\symlasy=\mathgroup4
LaTeX Font Info:    Overwriting symbol font `lasy' in version `bold'
(Font)                  U/lasy/m/n --> U/lasy/b/n on input line 52.
)
(/usr/share/texlive/texmf-dist/tex/latex/base/inputenc.sty
Package: inputenc 2015/03/17 v1.2c Input encoding file
\inpenc@prehook=\toks22
\inpenc@posthook=\toks23

(/usr/share/texlive/texmf-dist/tex/latex/base/latin1.def
File: latin1.def 2015/03/17 v1.2c Input encoding file
))
(/usr/share/texlive/texmf-dist/tex/latex/graphics/graphicx.sty
Package: graphicx 2014/10/28 v1.0g Enhanced LaTeX Graphics (DPC,SPQR)

(/usr/share/texlive/texmf-dist/tex/latex/graphics/keyval.sty
Package: keyval 2014/10/28 v1.15 key=value parser (DPC)
\KV@toks@=\toks24
)
(/usr/share/texlive/texmf-dist/tex/latex/graphics/graphics.sty
Package: graphics 2016/10/09 v1.0u Standard LaTeX Graphics (DPC,SPQR)

(/usr/share/texlive/texmf-dist/tex/latex/graphics/trig.sty
Package: trig 2016/01/03 v1.10 sin cos tan (DPC)
)
(/usr/share/texlive/texmf-dist/tex/latex/graphics-cfg/graphics.cfg
File: graphics.cfg 2016/06/04 v1.11 sample graphics configuration
)
Package graphics Info: Driver file: pdftex.def on input line 99.

(/usr/share/texlive/texmf-dist/tex/latex/graphics-def/pdftex.def
File: pdftex.def 2017/01/12 v0.06k Graphics/color for pdfTeX

(/usr/share/texlive/texmf-dist/tex/generic/oberdiek/infwarerr.sty
Package: infwarerr 2016/05/16 v1.4 Providing info/warning/error messages (HO)
)
(/usr/share/texlive/texmf-dist/tex/generic/oberdiek/ltxcmds.sty
Package: ltxcmds 2016/05/16 v1.23 LaTeX kernel commands for general use (HO)
)
\Gread@gobject=\count137
))
\Gin@req@height=\dimen147
\Gin@req@width=\dimen148
)
(/usr/share/texlive/texmf-dist/tex/latex/hyperref/hyperref.sty
Package: hyperref 2016/06/24 v6.83q Hypertext links for LaTeX

(/usr/share/texlive/texmf-dist/tex/generic/oberdiek/hobsub-hyperref.sty
Package: hobsub-hyperref 2016/05/16 v1.14 Bundle oberdiek, subset hyperref (HO)


(/usr/share/texlive/texmf-dist/tex/generic/oberdiek/hobsub-generic.sty
Package: hobsub-generic 2016/05/16 v1.14 Bundle oberdiek, subset generic (HO)
Package: hobsub 2016/05/16 v1.14 Construct package bundles (HO)
Package hobsub Info: Skipping package `infwarerr' (already loaded).
Package hobsub Info: Skipping package `ltxcmds' (already loaded).
Package hobsub Info: Skipping package `ifluatex' (already loaded).
Package: ifvtex 2016/05/16 v1.6 Detect VTeX and its facilities (HO)
Package ifvtex Info: VTeX not detected.
Package: intcalc 2016/05/16 v1.2 Expandable calculations with integers (HO)
Package hobsub Info: Skipping package `ifpdf' (already loaded).
Package: etexcmds 2016/05/16 v1.6 Avoid name clashes with e-TeX commands (HO)
Package etexcmds Info: Could not find \expanded.
(etexcmds)             That can mean that you are not using pdfTeX 1.50 or
(etexcmds)             that some package has redefined \expanded.
(etexcmds)             In the latter case, load this package earlier.
Package: kvsetkeys 2016/05/16 v1.17 Key value parser (HO)
Package: kvdefinekeys 2016/05/16 v1.4 Define keys (HO)
Package: pdftexcmds 2016/05/21 v0.22 Utility functions of pdfTeX for LuaTeX (HO
)
Package pdftexcmds Info: LuaTeX not detected.
Package pdftexcmds Info: \pdf@primitive is available.
Package pdftexcmds Info: \pdf@ifprimitive is available.
Package pdftexcmds Info: \pdfdraftmode found.
Package: pdfescape 2016/05/16 v1.14 Implements pdfTeX's escape features (HO)
Package: bigintcalc 2016/05/16 v1.4 Expandable calculations on big integers (HO
)
Package: bitset 2016/05/16 v1.2 Handle bit-vector datatype (HO)
Package: uniquecounter 2016/05/16 v1.3 Provide unlimited unique counter (HO)
)
Package hobsub Info: Skipping package `hobsub' (already loaded).
Package: letltxmacro 2016/05/16 v1.5 Let assignment for LaTeX macros (HO)
Package: hopatch 2016/05/16 v1.3 Wrapper for package hooks (HO)
Package: xcolor-patch 2016/05/16 xcolor patch
Package: atveryend 2016/05/16 v1.9 Hooks at the very end of document (HO)
Package atveryend Info: \enddocument detected (standard20110627).
Package: atbegshi 2016/06/09 v1.18 At begin shipout hook (HO)
Package: refcount 2016/05/16 v3.5 Data extraction from label references (HO)
Package: hycolor 2016/05/16 v1.8 Color options for hyperref/bookmark (HO)
)
(/usr/share/texlive/texmf-dist/tex/latex/oberdiek/auxhook.sty
Package: auxhook 2016/05/16 v1.4 Hooks for auxiliary files (HO)
)
(/usr/share/texlive/texmf-dist/tex/latex/oberdiek/kvoptions.sty
Package: kvoptions 2016/05/16 v3.12 Key value format for package options (HO)
)
\@linkdim=\dimen149
\Hy@linkcounter=\count138
\Hy@pagecounter=\count139

(/usr/share/texlive/texmf-dist/tex/latex/hyperref/pd1enc.def
File: pd1enc.def 2016/06/24 v6.83q Hyperref: PDFDocEncoding definition (HO)
)
\Hy@SavedSpaceFactor=\count140

(/usr/share/texlive/texmf-dist/tex/latex/latexconfig/hyperref.cfg
File: hyperref.cfg 2002/06/06 v1.2 hyperref configuration of TeXLive
)
Package hyperref Info: Hyper figures OFF on input line 4486.
Package hyperref Info: Link nesting OFF on input line 4491.
Package hyperref Info: Hyper index ON on input line 4494.
Package hyperref Info: Plain pages OFF on input line 4501.
Package hyperref Info: Backreferencing OFF on input line 4506.
Package hyperref Info: Implicit mode ON; LaTeX internals redefined.
Package hyperref Info: Bookmarks ON on input line 4735.
\c@Hy@tempcnt=\count141

(/usr/share/texlive/texmf-dist/tex/latex/url/url.sty
\Urlmuskip=\muskip10
Package: url 2013/09/16  ver 3.4  Verb mode for urls, etc.
)
LaTeX Info: Redefining \url on input line 5088.
\XeTeXLinkMargin=\dimen150
\Fld@menulength=\count142
\Field@Width=\dimen151
\Fld@charsize=\dimen152
Package hyperref Info: Hyper figures OFF on input line 6342.
Package hyperref Info: Link nesting OFF on input line 6347.
Package hyperref Info: Hyper index ON on input line 6350.
Package hyperref Info: backreferencing OFF on input line 6357.
Package hyperref Info: Link coloring OFF on input line 6362.
Package hyperref Info: Link coloring with OCG OFF on input line 6367.
Package hyperref Info: PDF/A mode OFF on input line 6372.
LaTeX Info: Redefining \ref on input line 6412.
LaTeX Info: Redefining \pageref on input line 6416.
\Hy@abspage=\count143
\c@Item=\count144
\c@Hfootnote=\count145
)
(/usr/share/texlive/texmf-dist/tex/latex/memoir/memhfixc.sty
Package: memhfixc 2013/05/30 v1.17 nameref/hyperref package fixes for memoir cl
ass
\c@memhycontfloat=\count146
\c@Hpagenote=\count147
)

Package hyperref Message: Driver (autodetected): hpdftex.

(/usr/share/texlive/texmf-dist/tex/latex/hyperref/hpdftex.def
File: hpdftex.def 2016/06/24 v6.83q Hyperref driver for pdfTeX
\Fld@listcount=\count148
\c@bookmark@seq@number=\count149

(/usr/share/texlive/texmf-dist/tex/latex/oberdiek/rerunfilecheck.sty
Package: rerunfilecheck 2016/05/16 v1.8 Rerun checks for auxiliary files (HO)
Package uniquecounter Info: New unique counter `rerunfilecheck' on input line 2
82.
)
\Hy@SectionHShift=\skip185
)
(./manual.aux)
\openout1 = `manual.aux'.

LaTeX Font Info:    Checking defaults for OML/cmm/m/it on input line 18.
LaTeX Font Info:    ... okay on input line 18.
LaTeX Font Info:    Checking defaults for T1/cmr/m/n on input line 18.
LaTeX Font Info:    ... okay on input line 18.
LaTeX Font Info:    Checking defaults for OT1/cmr/m/n on input line 18.
LaTeX Font Info:    ... okay on input line 18.
LaTeX Font Info:    Checking defaults for OMS/cmsy/m/n on input line 18.
LaTeX Font Info:    ... okay on input line 18.
LaTeX Font Info:    Checking defaults for OMX/cmex/m/n on input line 18.
LaTeX Font Info:    ... okay on input line 18.
LaTeX Font Info:    Checking defaults for U/cmr/m/n on input line 18.
LaTeX Font Info:    ... okay on input line 18.
LaTeX Font Info:    Checking defaults for PD1/pdf/m/n on input line 18.
LaTeX Font Info:    ... okay on input line 18.

(/usr/share/texlive/texmf-dist/tex/context/base/mkii/supp-pdf.mkii
[Loading MPS to PDF converter (version 2006.09.02).]
\scratchcounter=\count150
\scratchdimen=\dimen153
\scratchbox=\box29
\nofMPsegments=\count151
\nofMParguments=\count152
\everyMPshowfont=\toks25
\MPscratchCnt=\count153
\MPscratchDim=\dimen154
\MPnumerator=\count154
\makeMPintoPDFobject=\count155
\everyMPtoPDFconversion=\toks26
) (/usr/share/texlive/texmf-dist/tex/latex/oberdiek/epstopdf-base.sty
Package: epstopdf-base 2016/05/15 v2.6 Base part for package epstopdf

(/usr/share/texlive/texmf-dist/tex/latex/oberdiek/grfext.sty
Package: grfext 2016/05/16 v1.2 Manage graphics extensions (HO)
)
Package epstopdf-base Info: Redefining graphics rule for `.eps' on input line 4
38.
Package grfext Info: Graphics extension search list:
(grfext)             [.png,.pdf,.jpg,.mps,.jpeg,.jbig2,.jb2,.PNG,.PDF,.JPG,.JPE
G,.JBIG2,.JB2,.eps]
(grfext)             \AppendGraphicsExtensions on input line 456.

(/usr/share/texlive/texmf-dist/tex/latex/latexconfig/epstopdf-sys.cfg
File: epstopdf-sys.cfg 2010/07/13 v1.3 Configuration of (r)epstopdf for TeX Liv
e
))
\AtBeginShipoutBox=\box30
Package hyperref Info: Link coloring OFF on input line 18.

(/usr/share/texlive/texmf-dist/tex/latex/hyperref/nameref.sty
Package: nameref 2016/05/21 v2.44 Cross-referencing by name of section

(/usr/share/texlive/texmf-dist/tex/generic/oberdiek/gettitlestring.sty
Package: gettitlestring 2016/05/16 v1.5 Cleanup title references (HO)
)
\c@section@level=\count156
)
Redoing nameref's sectioning
Redoing nameref's label
LaTeX Info: Redefining \nameref on input line 18.
LaTeX Info: Redefining \ref on input line 18.
LaTeX Info: Redefining \pageref on input line 18.
LaTeX Info: Redefining \nameref on input line 18.
(./manual.out) (./manual.out)
\@outlinefile=\write4
\openout4 = `manual.out'.

LaTeX Font Info:    External font `cmex10' loaded for size
(Font)              <14.4> on input line 21.
LaTeX Font Info:    External font `cmex10' loaded for size
(Font)              <7> on input line 21.
LaTeX Font Info:    Try loading font information for U+lasy on input line 21.

(/usr/share/texlive/texmf-dist/tex/latex/base/ulasy.fd
File: ulasy.fd 1998/08/17 v2.2e LaTeX symbol font definitions
)
LaTeX Font Info:    Try loading font information for OMS+cmr on input line 21.

(/usr/share/texlive/texmf-dist/tex/latex/base/omscmr.fd
File: omscmr.fd 2014/09/29 v2.5h Standard LaTeX font definitions
)
LaTeX Font Info:    Font shape `OMS/cmr/m/n' in size <10> not available
(Font)              Font shape `OMS/cmsy/m/n' tried instead on input line 21.
LaTeX Font Info:    External font `cmex10' loaded for size
(Font)              <5> on input line 21.
LaTeX Font Info:    Font shape `OMS/cmr/m/n' in size <7> not available
(Font)              Font shape `OMS/cmsy/m/n' tried instead on input line 21.
 [1

{/var/lib/texmf/fonts/map/pdftex/updmap/pdftex.map}] (./manual.toc
LaTeX Font Info:    External font `cmex10' loaded for size
(Font)              <12> on input line 1.
LaTeX Font Info:    External font `cmex10' loaded for size
(Font)              <8> on input line 1.
LaTeX Font Info:    External font `cmex10' loaded for size
(Font)              <6> on input line 1.
 [1

]) (./manual.lof
Overfull \hbox (2.03593pt too wide) in paragraph at lines 6--6
 [][] [][]\OT1/cmr/m/n/12 Buscador sim-ple, se tiene ac-ceso ha-ciendo click 
 []

[2]
Overfull \hbox (1.30493pt too wide) in paragraph at lines 10--10
 [][] [][]\OT1/cmr/m/n/12 Di^^Salogo de con-fir-maci^^Son de reserva. Para com-
 
 []


Overfull \hbox (5.3345pt too wide) in paragraph at lines 10--10
 \OT1/cmr/m/n/12 (ha-ciendo click so-bre) cada t^^Sermino y condici^^Son 
 []


Overfull \hbox (5.0651pt too wide) in paragraph at lines 10--10
 \OT1/cmr/m/n/12 ciones y (c) hacer click so-bre el bot^^Son ``RESER- 
 []


Overfull \hbox (8.1067pt too wide) in paragraph at lines 11--11
 [][] [][]\OT1/cmr/m/n/12 Ejemplo de in-for-maci^^Son de-sple-gada en la opci^^
Son 
 []


Overfull \hbox (0.49998pt too wide) in paragraph at lines 11--11
 \OT1/cmr/m/n/12 en-cuen-tra el bot^^Son ``CAN-CE-LAR RESERVA'' 
 []

[3]
Overfull \hbox (20.47462pt too wide) in paragraph at lines 14--14
 [][] [][]\OT1/cmr/m/n/12 Vista de la p^^Sagina de ad-min-is-traci^^Son para eq
uipos. 
 []


Overfull \hbox (3.24564pt too wide) in paragraph at lines 16--16
 \OT1/cmr/m/n/12 los dias mar-ca-dos en la franja ho-raria se~nalada. 
 []

) [4] <Imagenes/logo.png, id=222, 862.22125pt x 867.24pt>
File: Imagenes/logo.png Graphic file (type png)

<use Imagenes/logo.png>
Package pdftex.def Info: Imagenes/logo.png used on input line 34.
(pdftex.def)             Requested size: 216.75pt x 218.00044pt.
pdfTeX warning (ext4): destination with the same identifier (name{page.1}) has 
been already used, duplicate ignored
<to be read again> 
                   \relax 
l.36 \clearpage
                % go to recto page [1


]
Overfull \vbox (2.3382pt too high) has occurred while \output is active []



Class memoir Warning: The material used in the headers is too large
(15.71667pt) for the given head height (14.5pt), it is recommended to
either increase the head height or redesign the header
(in both cases you will find help in the memoir manual). on input line 36.


Overfull \vbox (1.21667pt too high) has occurred while \output is active []


[2 <./Imagenes/logo.png>]
Overfull \vbox (1.21667pt too high) has occurred while \output is active []


[3

]
File: Imagenes/logo.png Graphic file (type png)
 <use Imagenes/logo.png>
Package pdftex.def Info: Imagenes/logo.png used on input line 50.
(pdftex.def)             Requested size: 216.75pt x 218.00044pt.
 [4

]
Overfull \vbox (1.21667pt too high) has occurred while \output is active []


[5

]
Overfull \hbox (1.67892pt too wide) in paragraph at lines 79--81
\OT1/cmr/m/n/12 mente se cuenta con las mis-mas posi-bil-i-dades de los usuar-
 []


Overfull \vbox (1.21667pt too high) has occurred while \output is active []


[6]
Overfull \vbox (1.21667pt too high) has occurred while \output is active []


[7]
File: Imagenes/logo.png Graphic file (type png)
 <use Imagenes/logo.png>
Package pdftex.def Info: Imagenes/logo.png used on input line 99.
(pdftex.def)             Requested size: 216.75pt x 218.00044pt.
 [8

]
Overfull \hbox (2.91919pt too wide) in paragraph at lines 103--104
\OT1/cmr/m/n/12 de la []plataforma[] ([]https://ceiba-develop.firebaseapp.com[]
). 
 []


Overfull \hbox (16.201pt too wide) in paragraph at lines 105--106
[]\OT1/cmr/m/n/12 En esta p^^Sagina podr^^Sa reg-is-trarse, in-gre-sar a la pla
taforma
 []


Overfull \hbox (5.75285pt too wide) in paragraph at lines 110--113
\OT1/cmr/m/n/12 bot^^Son ``SO-LIC-I-TAR REG-ISTRO DE CUENTA''. Al hacer
 []

LaTeX Font Info:    Font shape `OMS/cmr/m/n' in size <12> not available
(Font)              Font shape `OMS/cmsy/m/n' tried instead on input line 113.

Overfull \hbox (4.82982pt too wide) in paragraph at lines 113--114
[]\OT1/cmr/m/n/12 Correo electr^^Sonio. []Unicamente se proce-sar^^San correos
 []


Overfull \vbox (1.21667pt too high) has occurred while \output is active []


[9

]
Overfull \hbox (4.09001pt too wide) in paragraph at lines 145--147
[]\OT1/cmr/m/n/12 Una vez den-tro de la plataforma en-con-trar^^Sa una p^^Sagin
a
 []


Overfull \hbox (29.94391pt too wide) in paragraph at lines 145--147
\OT1/cmr/m/n/12 de ini-cio con noti-cias y con-tenido rela-cionado con la plata
forma.
 []

<Imagenes/paneldecontrol.png, id=269, 403.5075pt x 350.30875pt>
File: Imagenes/paneldecontrol.png Graphic file (type png)

<use Imagenes/paneldecontrol.png>
Package pdftex.def Info: Imagenes/paneldecontrol.png used on input line 150.
(pdftex.def)             Requested size: 216.75pt x 188.17503pt.

Overfull \vbox (1.21667pt too high) has occurred while \output is active []


[10]
Overfull \hbox (26.41895pt too wide) in paragraph at lines 161--163
\OT1/cmr/m/n/12 puede crear una nueva in-gre-sando al sitio web de la []platafo
rma[],
 []


Overfull \hbox (31.85933pt too wide) in paragraph at lines 161--163
\OT1/cmr/m/n/12 ha-ciendo click so-bre el bot^^Son ``RE-CU-PERAR CON-TRASE[]NA'
'
 []


Overfull \vbox (1.21667pt too high) has occurred while \output is active []


[11 <./Imagenes/paneldecontrol.png>]
Overfull \vbox (1.21667pt too high) has occurred while \output is active []


[12]
File: Imagenes/logo.png Graphic file (type png)
 <use Imagenes/logo.png>
Package pdftex.def Info: Imagenes/logo.png used on input line 176.
(pdftex.def)             Requested size: 216.75pt x 218.00044pt.
 [13

]
Overfull \vbox (2.3382pt too high) has occurred while \output is active []


Overfull \vbox (1.21667pt too high) has occurred while \output is active []


[14] <Imagenes/buscadorsimple.png, id=298, 1305.87875pt x 631.35875pt>
File: Imagenes/buscadorsimple.png Graphic file (type png)

<use Imagenes/buscadorsimple.png>
Package pdftex.def Info: Imagenes/buscadorsimple.png used on input line 195.
(pdftex.def)             Requested size: 216.75pt x 104.78625pt.

Overfull \hbox (1.44838pt too wide) in paragraph at lines 200--202
[]\OT1/cmr/m/n/12 El usuario debe in-gre-sar una pal-abra clave en el campo
 []


Overfull \hbox (6.50943pt too wide) in paragraph at lines 205--206
\OT1/cmr/m/n/12 que co-in-ci-den con lo es-crito en el campo de b^^Susqueda,
 []


Overfull \vbox (1.21667pt too high) has occurred while \output is active []


[15

]
Overfull \vbox (1.21667pt too high) has occurred while \output is active []


[16 <./Imagenes/buscadorsimple.png>]
Overfull \hbox (5.33028pt too wide) in paragraph at lines 214--215
[]\OT1/cmr/m/n/12 Informaci^^Son b^^Sasica del equipo (nom-bre, marca, mod-
 []


Overfull \hbox (28.96059pt too wide) in paragraph at lines 216--217
[]\OT1/cmr/m/n/12 Informaci^^Son de-tal-lada (de-scripci^^Son, forma de adquisi
ci^^Son,
 []

<Imagenes/detalleequipo.png, id=311, 1571.8725pt x 603.25375pt>
File: Imagenes/detalleequipo.png Graphic file (type png)

<use Imagenes/detalleequipo.png>
Package pdftex.def Info: Imagenes/detalleequipo.png used on input line 228.
(pdftex.def)             Requested size: 216.75pt x 83.18466pt.

Overfull \hbox (0.14284pt too wide) in paragraph at lines 238--242
\OT1/cmr/m/n/12 El bus-cador avan-zado (ver figura []4.3[]) per-mite se-lec-cio
nar:
 []


Overfull \vbox (1.21667pt too high) has occurred while \output is active []


[17] <Imagenes/buscadoravanzado.png, id=318, 1479.5275pt x 440.64626pt>
File: Imagenes/buscadoravanzado.png Graphic file (type png)

<use Imagenes/buscadoravanzado.png>
Package pdftex.def Info: Imagenes/buscadoravanzado.png used on input line 245.
(pdftex.def)             Requested size: 216.75pt x 64.55435pt.

Overfull \vbox (1.21667pt too high) has occurred while \output is active []


[18 <./Imagenes/detalleequipo.png>]
<Imagenes/calendarioequipo.png, id=327, 1532.72626pt x 707.64375pt>
File: Imagenes/calendarioequipo.png Graphic file (type png)

<use Imagenes/calendarioequipo.png>
Package pdftex.def Info: Imagenes/calendarioequipo.png used on input line 261.
(pdftex.def)             Requested size: 216.75pt x 100.06284pt.

Overfull \hbox (12.08855pt too wide) in paragraph at lines 266--268
[]\OT1/cmr/m/n/12 En el cal-en-dario de reser-vas se puede ob-ser-var la dispon
i-
 []


Overfull \vbox (1.21667pt too high) has occurred while \output is active []


[19 <./Imagenes/buscadoravanzado.png>]
Overfull \hbox (3.24557pt too wide) in paragraph at lines 273--275
\OT1/cmr/m/n/12 se in-forma al usuario so-bre al-gu-nas re-stric-ciones de rese
rva
 []


Overfull \vbox (1.21667pt too high) has occurred while \output is active []


[20 <./Imagenes/calendarioequipo.png>]
Overfull \hbox (11.40521pt too wide) in paragraph at lines 283--284
\OT1/cmr/m/n/12 electr^^Sonico con el que est^^Sa reg-istrado en la plataforma.
 
 []

<Imagenes/confirmacionreserva.png, id=340, 1093.08376pt x 547.04375pt>
File: Imagenes/confirmacionreserva.png Graphic file (type png)

<use Imagenes/confirmacionreserva.png>
Package pdftex.def Info: Imagenes/confirmacionreserva.png used on input line 29
0.
(pdftex.def)             Requested size: 216.75pt x 108.47192pt.

Overfull \hbox (15.13715pt too wide) in paragraph at lines 295--296
[]\OT1/cmr/bx/n/17.28 IMPORTANTE: \OT1/cmr/m/n/12 Se re-comienda que el usuario

 []

<Imagenes/misreservas.png, id=341, 1472.50125pt x 702.625pt>
File: Imagenes/misreservas.png Graphic file (type png)

<use Imagenes/misreservas.png>
Package pdftex.def Info: Imagenes/misreservas.png used on input line 305.
(pdftex.def)             Requested size: 216.75pt x 103.4165pt.

Overfull \vbox (1.21667pt too high) has occurred while \output is active []


[21]
Overfull \vbox (1.21667pt too high) has occurred while \output is active []


[22 <./Imagenes/confirmacionreserva.png>]
Overfull \vbox (1.21667pt too high) has occurred while \output is active []


[23 <./Imagenes/misreservas.png>]
File: Imagenes/logo.png Graphic file (type png)
 <use Imagenes/logo.png>
Package pdftex.def Info: Imagenes/logo.png used on input line 321.
(pdftex.def)             Requested size: 216.75pt x 218.00044pt.
 [24

]
Overfull \hbox (11.36633pt too wide) in paragraph at lines 324--329
[]\OT1/cmr/m/n/12 La opci^^Son de Ad-min-is-traci^^Son est^^Sa disponible para 
usuar-
 []

<Imagenes/vistaadministracion.png, id=362, 511.9125pt x 487.8225pt>
File: Imagenes/vistaadministracion.png Graphic file (type png)

<use Imagenes/vistaadministracion.png>
Package pdftex.def Info: Imagenes/vistaadministracion.png used on input line 33
2.
(pdftex.def)             Requested size: 216.75pt x 206.5514pt.

Overfull \hbox (4.0553pt too wide) in paragraph at lines 340--341
\OT1/cmr/m/n/12 El sub-men^^Su de ``In-fraestruc-tura'' aparece ^^Sunicamente p
ara
 []


Overfull \hbox (19.53014pt too wide) in paragraph at lines 342--344
[]\OT1/cmr/m/n/12 Este sub-men^^Su agrupa las fun-cional-i-dades de la platafor
ma
 []


Overfull \hbox (5.67842pt too wide) in paragraph at lines 342--344
\OT1/cmr/m/n/12 mod-i-fi-caci^^Son de es-tos). Adi-cional-mente, per-mite el ma
nejo
 []


Overfull \vbox (1.21667pt too high) has occurred while \output is active []


[25

] <Imagenes/adminequipos.png, id=367, 1512.65125pt x 628.3475pt>
File: Imagenes/adminequipos.png Graphic file (type png)

<use Imagenes/adminequipos.png>
Package pdftex.def Info: Imagenes/adminequipos.png used on input line 352.
(pdftex.def)             Requested size: 216.75pt x 90.02942pt.

Overfull \vbox (1.21667pt too high) has occurred while \output is active []


[26 <./Imagenes/vistaadministracion.png>]
Overfull \vbox (1.21667pt too high) has occurred while \output is active []


[27 <./Imagenes/adminequipos.png>]
Overfull \hbox (5.1303pt too wide) in paragraph at lines 371--372
[]\OT1/cmr/m/n/12 En el men^^Su de Ad-min-is-traci^^Son, dar clic en ``Equipos'
'
 []


Overfull \vbox (1.21667pt too high) has occurred while \output is active []


[28]
Overfull \hbox (2.45808pt too wide) in paragraph at lines 393--398
\OT1/cmr/m/n/12 b^^Susquedas hachas por usuar-ios Nave-g-antes, tambi^^Sen
 []


Overfull \hbox (10.58717pt too wide) in paragraph at lines 393--398
\OT1/cmr/m/n/12 La plataforma per-mite crear equipos que no se pueden
 []


Overfull \vbox (1.21667pt too high) has occurred while \output is active []


[29]
Overfull \vbox (1.21667pt too high) has occurred while \output is active []


[30]
Overfull \hbox (17.1496pt too wide) in paragraph at lines 403--404
\OT1/cmr/m/n/12 debe definirse por sep-a-rado (se a~naden nuevos t^^Serminos
 []


Overfull \hbox (8.9858pt too wide) in paragraph at lines 404--405
[]\OT1/cmr/m/n/12 A~nadir las difer-entes con-fig-u-ra-ciones disponibles para
 []

<Imagenes/asistentecreacionequipos.png, id=417, 1510.64375pt x 526.96875pt>
File: Imagenes/asistentecreacionequipos.png Graphic file (type png)

<use Imagenes/asistentecreacionequipos.png>
Package pdftex.def Info: Imagenes/asistentecreacionequipos.png used on input li
ne 416.
(pdftex.def)             Requested size: 216.75pt x 75.60843pt.

Overfull \vbox (1.21667pt too high) has occurred while \output is active []


[31]
Overfull \hbox (18.16556pt too wide) in paragraph at lines 427--430
[]\OT1/cmr/bx/n/12 Instalaci^^Son\OT1/cmr/m/n/12 : Es-pa-cio f^^S^^Psico que co
n-tiene la in-fraestruc-
 []


Overfull \hbox (5.82843pt too wide) in paragraph at lines 427--430
\OT1/cmr/m/n/12 tura de in-ves-ti-gaci^^Son den-tro de una in-sti-tuci^^Son. Ge
n-
 []


Overfull \hbox (2.39697pt too wide) in paragraph at lines 427--430
\OT1/cmr/m/n/12 eral-mente, se trata de un lab-o-ra-to-rio, cen-tro o taller.
 []


Overfull \vbox (1.21667pt too high) has occurred while \output is active []


[32 <./Imagenes/asistentecreacionequipos.png>]
Overfull \vbox (1.21667pt too high) has occurred while \output is active []


[33]
Overfull \vbox (1.21667pt too high) has occurred while \output is active []


[34]
Overfull \hbox (20.73984pt too wide) in paragraph at lines 458--461
\OT1/cmr/m/n/12 t^^Secnicas basadas en flu-o-res-cen-cia para obtener im^^Sagen
es
 []


Overfull \vbox (1.21667pt too high) has occurred while \output is active []


[35]
Overfull \hbox (19.29543pt too wide) in paragraph at lines 463--468
\OT1/cmr/m/n/12 pal-abras claves podr^^S^^Pan ser ``Im-a-gen 3D'', ``Fluor^^Sof
oro'',
 []


Overfull \vbox (1.21667pt too high) has occurred while \output is active []


[36]
Overfull \vbox (1.21667pt too high) has occurred while \output is active []


[37] <Imagenes/disponibilidadequipo.png, id=453, 987.69pt x 530.98375pt>
File: Imagenes/disponibilidadequipo.png Graphic file (type png)

<use Imagenes/disponibilidadequipo.png>
Package pdftex.def Info: Imagenes/disponibilidadequipo.png used on input line 4
86.
(pdftex.def)             Requested size: 216.75pt x 116.5251pt.

Overfull \vbox (1.21667pt too high) has occurred while \output is active []


[38 <./Imagenes/disponibilidadequipo.png>]
Underfull \hbox (badness 4403) in paragraph at lines 500--500
[]|\OT1/cmr/bx/n/12 C^^Sodigo de in-ven-
 []


Underfull \hbox (badness 10000) in paragraph at lines 508--508
[]|\OT1/cmr/bx/n/12 Periodo de an-
 []


Underfull \hbox (badness 10000) in paragraph at lines 514--514
[]|\OT1/cmr/m/n/12 Informaci^^Son de
 []


Underfull \hbox (badness 10000) in paragraph at lines 518--518
[]|\OT1/cmr/m/n/12 T^^Serminos y condi-
 []


Overfull \hbox (23.4982pt too wide) in paragraph at lines 496--524
 [][] 
 []


Overfull \vbox (1.21667pt too high) has occurred while \output is active []


[39

]
Overfull \vbox (1.21667pt too high) has occurred while \output is active []


[40

]
File: Imagenes/logo.png Graphic file (type png)
 <use Imagenes/logo.png>
Package pdftex.def Info: Imagenes/logo.png used on input line 576.
(pdftex.def)             Requested size: 216.75pt x 218.00044pt.
 [41

]
Overfull \vbox (3.72044pt too high) has occurred while \output is active []


Overfull \vbox (1.21667pt too high) has occurred while \output is active []


[42]
Overfull \vbox (1.21667pt too high) has occurred while \output is active []


[43

]
File: Imagenes/logo.png Graphic file (type png)
 <use Imagenes/logo.png>
Package pdftex.def Info: Imagenes/logo.png used on input line 594.
(pdftex.def)             Requested size: 216.75pt x 218.00044pt.
 [44

]
Overfull \vbox (3.72044pt too high) has occurred while \output is active []


Overfull \vbox (1.21667pt too high) has occurred while \output is active []


[45]
Overfull \vbox (1.21667pt too high) has occurred while \output is active []


[46

]

Class memoir Warning: The material used in the headers is too large
(15.71667pt) for the given head height (14.5pt), it is recommended to
either increase the head height or redesign the header
(in both cases you will find help in the memoir manual). on input line 623.

\tf@toc=\write5
\openout5 = `manual.toc'.

\tf@lof=\write6
\openout6 = `manual.lof'.

Package atveryend Info: Empty hook `BeforeClearDocument' on input line 623.
Package atveryend Info: Empty hook `AfterLastShipout' on input line 623.
(./manual.aux)
Package atveryend Info: Executing hook `AtVeryEndDocument' on input line 623.
Package atveryend Info: Executing hook `AtEndAfterFileList' on input line 623.
Package rerunfilecheck Info: File `manual.out' has not changed.
(rerunfilecheck)             Checksum: C475CFDA338D2F778B1E2ACD37756018;1407.
Package atveryend Info: Empty hook `AtVeryVeryEnd' on input line 623.
 ) 
Here is how much of TeX's memory you used:
 8768 strings out of 494945
 126944 string characters out of 6181033
 245726 words of memory out of 5000000
 11875 multiletter control sequences out of 15000+600000
 11115 words of font info for 43 fonts, out of 8000000 for 9000
 14 hyphenation exceptions out of 8191
 35i,11n,29p,1097b,406s stack positions out of 5000i,500n,10000p,200000b,80000s
</usr/share/texlive/texmf-dist/fonts/type1/public/amsfonts/cm/cmbx12.pfb></us
r/share/texlive/texmf-dist/fonts/type1/public/amsfonts/cm/cmr10.pfb></usr/share
/texlive/texmf-dist/fonts/type1/public/amsfonts/cm/cmr12.pfb></usr/share/texliv
e/texmf-dist/fonts/type1/public/amsfonts/cm/cmr17.pfb></usr/share/texlive/texmf
-dist/fonts/type1/public/amsfonts/cm/cmsl12.pfb></usr/share/texlive/texmf-dist/
fonts/type1/public/amsfonts/cm/cmsy10.pfb></usr/share/texlive/texmf-dist/fonts/
type1/public/amsfonts/cm/cmsy7.pfb></usr/share/texlive/texmf-dist/fonts/type1/p
ublic/amsfonts/latxfont/lasy10.pfb>
Output written on manual.pdf (51 pages, 1378333 bytes).
PDF statistics:
 559 PDF objects out of 1000 (max. 8388607)
 468 compressed objects within 5 object streams
 116 named destinations out of 1000 (max. 500000)
 261 words of extra memory for PDF output out of 10000 (max. 10000000)

