\BOOKMARK [0][-]{section*.1}{Contents}{}% 1
\BOOKMARK [0][-]{section*.2}{List of Figures}{}% 2
\BOOKMARK [0][-]{chapter.1}{Objetivos}{}% 3
\BOOKMARK [0][-]{chapter.2}{Usuarios}{}% 4
\BOOKMARK [0][-]{chapter.3}{Acceso}{}% 5
\BOOKMARK [1][-]{section.3.1}{Registro}{chapter.3}% 6
\BOOKMARK [1][-]{section.3.2}{Ingreso}{chapter.3}% 7
\BOOKMARK [1][-]{section.3.3}{Recuperar Contrase\361a}{chapter.3}% 8
\BOOKMARK [1][-]{section.3.4}{Notificaciones}{chapter.3}% 9
\BOOKMARK [0][-]{chapter.4}{Navegaci\363n}{}% 10
\BOOKMARK [1][-]{section.4.1}{Buscador}{chapter.4}% 11
\BOOKMARK [1][-]{section.4.2}{Mis reservas}{chapter.4}% 12
\BOOKMARK [0][-]{chapter.5}{Administraci\363n}{}% 13
\BOOKMARK [1][-]{section.5.1}{Infraestructura}{chapter.5}% 14
\BOOKMARK [1][-]{section.5.2}{Usuarios/Entidades}{chapter.5}% 15
\BOOKMARK [0][-]{chapter.6}{Reportes \(Estad\355sticas\)}{}% 16
\BOOKMARK [1][-]{section.6.1}{Equipos}{chapter.6}% 17
\BOOKMARK [1][-]{section.6.2}{Servicios}{chapter.6}% 18
\BOOKMARK [1][-]{section.6.3}{Generales}{chapter.6}% 19
\BOOKMARK [0][-]{chapter.7}{Comunicaci\363n \(Correo\)}{}% 20
\BOOKMARK [1][-]{section.7.1}{Correo}{chapter.7}% 21
\BOOKMARK [1][-]{section.7.2}{Exportar}{chapter.7}% 22
